TN:
SF:src\App.tsx
FN:10,App
FNF:1
FNH:1
FNDA:2,App
DA:1,1
DA:2,1
DA:3,1
DA:4,1
DA:5,1
DA:6,1
DA:7,1
DA:8,1
DA:9,1
DA:10,2
DA:11,2
DA:12,2
DA:13,2
DA:14,2
DA:15,2
DA:16,2
DA:17,2
DA:18,2
DA:19,2
DA:20,2
DA:21,2
DA:22,2
DA:23,1
DA:24,1
LF:24
LH:24
BRDA:10,0,0,2
BRF:1
BRH:1
end_of_record
TN:
SF:src\components\component\utils\AuthGuard.tsx
FN:5,AuthGuard
FNF:1
FNH:1
FNDA:6,AuthGuard
DA:1,1
DA:2,1
DA:3,1
DA:4,1
DA:5,1
DA:6,6
DA:7,6
DA:8,6
DA:9,6
DA:10,6
DA:11,3
DA:12,3
DA:13,3
DA:14,6
DA:15,6
DA:16,6
DA:17,6
DA:18,6
DA:19,1
DA:20,6
DA:21,4
DA:22,4
DA:23,6
DA:24,1
DA:25,1
LF:25
LH:25
BRDA:5,0,0,6
BRDA:18,1,0,1
BRDA:20,2,0,4
BRDA:10,3,0,3
BRDA:11,4,0,3
BRF:5
BRH:5
end_of_record
TN:
SF:src\components\component\utils\firebase.ts
FNF:0
FNH:0
DA:1,1
DA:2,1
DA:3,1
DA:4,1
DA:5,1
DA:6,1
DA:7,1
DA:8,1
DA:9,1
DA:10,1
DA:11,1
DA:12,1
DA:13,1
DA:14,1
DA:15,1
DA:16,1
DA:17,1
DA:18,1
DA:19,1
DA:20,1
DA:21,1
DA:22,1
DA:23,1
LF:23
LH:23
BRF:0
BRH:0
end_of_record
TN:
SF:src\components\layout\Navbar.tsx
FN:4,Navbar
FN:5,handleLogout
FNF:2
FNH:1
FNDA:15,Navbar
FNDA:0,handleLogout
DA:1,1
DA:2,1
DA:3,1
DA:4,15
DA:5,15
DA:6,0
DA:7,0
DA:8,0
DA:9,0
DA:10,0
DA:11,0
DA:12,0
DA:13,0
DA:14,15
DA:15,15
DA:16,15
DA:17,15
DA:18,15
DA:19,15
DA:20,15
DA:21,15
DA:22,15
DA:23,15
DA:24,15
DA:25,15
DA:26,15
DA:27,15
DA:28,15
DA:29,15
DA:30,15
DA:31,15
DA:32,15
DA:33,15
DA:34,15
DA:35,15
DA:36,15
DA:37,15
DA:38,15
DA:39,1
DA:40,1
LF:40
LH:32
BRDA:4,0,0,15
BRF:1
BRH:1
end_of_record
TN:
SF:src\pages\Carousel.tsx
FN:9,initial
FN:22,exit
FN:33,Carousel
FN:39,goToPreviousSlide
FN:48,goToNextSlide
FNF:5
FNH:5
FNDA:3,initial
FNDA:9,exit
FNDA:9,Carousel
FNDA:1,goToPreviousSlide
FNDA:2,goToNextSlide
DA:1,1
DA:2,1
DA:3,1
DA:4,1
DA:5,1
DA:6,1
DA:7,1
DA:8,1
DA:9,1
DA:10,3
DA:11,3
DA:12,3
DA:13,3
DA:14,1
DA:15,1
DA:16,1
DA:17,1
DA:18,1
DA:19,1
DA:20,1
DA:21,1
DA:22,1
DA:23,9
DA:24,9
DA:25,9
DA:26,9
DA:27,9
DA:28,9
DA:29,9
DA:30,9
DA:31,1
DA:32,1
DA:33,1
DA:34,9
DA:35,9
DA:36,9
DA:37,9
DA:38,9
DA:39,9
DA:40,1
DA:41,1
DA:42,1
DA:43,1
DA:44,1
DA:45,0
DA:46,9
DA:47,9
DA:48,9
DA:49,2
DA:50,2
DA:51,0
DA:52,0
DA:53,0
DA:54,2
DA:55,9
DA:56,9
DA:57,9
DA:58,9
DA:59,1
DA:60,9
DA:61,9
DA:62,9
DA:63,9
DA:64,9
DA:65,9
DA:66,9
DA:67,9
DA:68,9
DA:69,9
DA:70,9
DA:71,9
DA:72,9
DA:73,9
DA:74,9
DA:75,9
DA:76,9
DA:77,9
DA:78,9
DA:79,9
DA:80,9
DA:81,9
DA:82,9
DA:83,9
DA:84,9
DA:85,9
DA:86,9
DA:87,9
DA:88,9
DA:89,9
DA:90,9
DA:91,9
DA:92,9
DA:93,9
DA:94,9
DA:95,9
DA:96,9
DA:97,9
DA:98,9
DA:99,9
DA:100,9
DA:101,9
DA:102,1
DA:103,1
DA:104,1
DA:105,1
DA:106,1
LF:106
LH:102
BRDA:9,0,0,3
BRDA:12,1,0,2
BRDA:12,2,0,1
BRDA:22,3,0,9
BRDA:24,4,0,6
BRDA:24,5,0,3
BRDA:33,6,0,9
BRDA:39,7,0,1
BRDA:45,8,0,0
BRDA:48,9,0,2
BRDA:50,10,0,0
BRDA:57,11,0,9
BRDA:58,12,0,1
BRDA:61,13,0,9
BRF:14
BRH:12
end_of_record
TN:
SF:src\pages\Draggable.tsx
FN:6,Draggable
FN:11,handleMouseDown
FN:16,handleMouseDrag
FN:43,handleMouseUp
FN:62,onMouseDown
FN:78,onMouseDown
FNF:6
FNH:6
FNDA:5,Draggable
FNDA:2,handleMouseDown
FNDA:2,handleMouseDrag
FNDA:2,handleMouseUp
FNDA:1,onMouseDown
FNDA:1,onMouseDown
DA:1,1
DA:2,1
DA:3,1
DA:4,1
DA:5,1
DA:6,5
DA:7,5
DA:8,5
DA:9,5
DA:10,5
DA:11,5
DA:12,2
DA:13,2
DA:14,2
DA:15,2
DA:16,2
DA:17,2
DA:18,2
DA:19,1
DA:20,1
DA:21,2
DA:22,2
DA:23,0
DA:24,0
DA:25,0
DA:26,0
DA:27,0
DA:28,2
DA:29,0
DA:30,0
DA:31,0
DA:32,0
DA:33,0
DA:34,2
DA:35,2
DA:36,1
DA:37,1
DA:38,1
DA:39,1
DA:40,2
DA:41,2
DA:42,2
DA:43,2
DA:44,2
DA:45,2
DA:46,2
DA:47,2
DA:48,2
DA:49,2
DA:50,5
DA:51,5
DA:52,5
DA:53,5
DA:54,5
DA:55,5
DA:56,5
DA:57,5
DA:58,5
DA:59,5
DA:60,5
DA:61,5
DA:62,5
DA:63,5
DA:64,5
DA:65,5
DA:66,5
DA:67,5
DA:68,60
DA:69,5
DA:70,5
DA:71,5
DA:72,5
DA:73,5
DA:74,5
DA:75,5
DA:76,5
DA:77,5
DA:78,5
DA:79,5
DA:80,5
DA:81,5
DA:82,5
DA:83,5
DA:84,5
DA:85,5
DA:86,1
DA:87,1
LF:87
LH:77
BRDA:6,0,0,5
BRDA:11,1,0,2
BRDA:14,2,0,1
BRDA:14,3,0,1
BRDA:16,4,0,2
BRDA:17,5,0,0
BRDA:18,6,0,1
BRDA:19,7,0,0
BRDA:22,8,0,0
BRDA:28,9,0,0
BRDA:35,10,0,1
BRDA:43,11,0,2
BRDA:62,12,0,1
BRDA:67,13,0,60
BRDA:78,14,0,1
BRF:15
BRH:11
end_of_record
TN:
SF:src\pages\Home.tsx
FN:5,Home
FNF:1
FNH:1
FNDA:1,Home
DA:1,1
DA:2,1
DA:3,1
DA:4,1
DA:5,1
DA:6,1
DA:7,1
DA:8,1
DA:9,1
DA:10,1
DA:11,1
DA:12,1
DA:13,1
DA:14,1
DA:15,1
DA:16,1
DA:17,1
DA:18,1
DA:19,1
LF:19
LH:19
BRDA:5,0,0,1
BRF:1
BRH:1
end_of_record
TN:
SF:src\pages\Login.tsx
FN:7,Login
FNF:1
FNH:0
FNDA:0,Login
DA:1,1
DA:2,1
DA:3,1
DA:4,1
DA:5,1
DA:6,1
DA:7,1
DA:8,0
DA:9,0
DA:10,0
DA:11,0
DA:12,0
DA:13,0
DA:14,0
DA:15,0
DA:16,0
DA:17,0
DA:18,0
DA:19,0
DA:20,0
DA:21,0
DA:22,0
DA:23,0
DA:24,0
DA:25,0
DA:26,0
DA:27,0
DA:28,0
DA:29,0
DA:30,0
DA:31,0
DA:32,0
DA:33,0
DA:34,0
DA:35,0
DA:36,0
DA:37,0
DA:38,0
DA:39,0
DA:40,0
DA:41,0
DA:42,0
DA:43,0
DA:44,0
DA:45,0
DA:46,0
DA:47,0
DA:48,0
DA:49,0
DA:50,0
DA:51,0
DA:52,0
DA:53,0
DA:54,0
DA:55,0
DA:56,0
DA:57,0
DA:58,0
DA:59,0
DA:60,0
DA:61,0
DA:62,0
DA:63,0
DA:64,0
DA:65,0
DA:66,0
DA:67,0
DA:68,0
DA:69,1
DA:70,1
LF:70
LH:9
BRF:0
BRH:0
end_of_record
TN:
SF:src\pages\RegisterPage.tsx
FN:9,RegisterPage
FNF:1
FNH:0
FNDA:0,RegisterPage
DA:1,1
DA:2,1
DA:3,1
DA:4,1
DA:5,1
DA:6,1
DA:7,1
DA:8,1
DA:9,1
DA:10,0
DA:11,0
DA:12,0
DA:13,0
DA:14,0
DA:15,0
DA:16,0
DA:17,0
DA:18,0
DA:19,0
DA:20,0
DA:21,0
DA:22,0
DA:23,0
DA:24,0
DA:25,0
DA:26,0
DA:27,0
DA:28,0
DA:29,0
DA:30,0
DA:31,0
DA:32,0
DA:33,0
DA:34,0
DA:35,0
DA:36,0
DA:37,0
DA:38,0
DA:39,0
DA:40,0
DA:41,0
DA:42,0
DA:43,0
DA:44,0
DA:45,0
DA:46,0
DA:47,0
DA:48,0
DA:49,0
DA:50,0
DA:51,0
DA:52,0
DA:53,1
DA:54,1
DA:55,1
LF:55
LH:12
BRF:0
BRH:0
end_of_record
